Word order: S - O - V
Morpheme order (N): root - number
Morpheme order (V): subject - root - number
Vocabulary:
  (a, pl)
  (bael, drink)
  (bain, elder)
  (bauel, hold)
  (del, oil)
  (j, you)
  (k, they)
  (karab, animal)
  (koro, water)
  (lemel, lick)
  (rigel, tie)
  (ruñel, lift)
  (ton, house)
  (tuumel, build)
  (yáa, woman)
Rules:
1 2⟶MET / [ +glide ] _ 
1 2⟶MET / k _ 
Time taken: 881.59 s
Morpheme order (N): root - number - possessor - case
Vocabulary:
  (cerku, house)
  (ci, hand)
  (juɕ, swan)
  (kok, foot)
  (kəin, wolf)
  (kət, with)
  (la, for the sake of)
  (laɲ, towards)
  (liɕ, from)
  (lən, of)
  (nez, pl)
  (nɨs, their)
  (nɨt, your-pl)
  (pon, dog)
  (purt, knife)
  (pɨzan, desk)
  (tɨ, lake)
  (vər, forest)
  (ə, my)
  (ɨs, his)
  (ɨt, your-sg)
Rules:
(number, pl): [ -bilabial ]⟶Ø / [ +tense ] + _ 
(number, pl): [ -tense ]⟶-1 / + _ 
Time taken: 411.95 s
Morpheme order (V): root - tense - subject
Vocabulary:
  (aarambi, begin)
  (ari, know)
  (āl, she)
  (ān, he)
  (ār, they)
  (āy, you-sg)
  (cey, do)
  (ēn, I)
  (īr, you-pl)
  (ōm, we)
  (paṭi, learn)
  (pp, FUT)
  (tt, PST)
  (y, NEG)
Time taken: 2238.00 s
Word order: Poss - N
Morpheme order (N): possessive - root - case - like - number - only
Vocabulary:
  (kom, post)
  (kot^sʌk, mountain)
  (kotoya, for)
  (kumguy, town)
  (kʌmʌŋ, shadow)
  (kʌsmʌ, above)
  (mis, you)
  (mok, corn)
  (n, possessive)
  (nakpat, cactus)
  (pahsun, squash)
  (perol, kettle)
  (pit, with)
  (pokskuy, chair)
  (t^sap, sky)
  (t^say, vine)
  (taʔm, pl)
  (tih, only)
  (tʌt^s, tooth)
  (šeh, like)
  (ʔʌs, I)
Rules:
[ +nasal ]⟶Ø / _ [ +nasal ]
[ -low ]⟶[ +voice ] / [ +nasal ] _ 
y k⟶MET / _ 
left neighbor of (root, post): [ +alveolar ]⟶ŋ / _ +
Time taken: 1427.33 s
Correspondences:
  (1. D)
  (2. F)
  (3. A)
  (4. I)
  (5. B)
  (6. H)
  (7. E)
  (8. G)
  (9. C)
Word order: S - V
Morpheme order (PRN): root - number
Morpheme order (V): root - RECP - all - want - aspect - tense
Vocabulary:
  (ā, 3)
  (ei, PST)
  (hāira, PFV)
  (i, 1)
  (lā, Q (PRS))
  (masik, pinch)
  (na, 2)
  (ngarok, RECP)
  (ngāi, want)
  (ni, du)
  (ra, FUT)
  (rā, come)
  (ser, all)
  (thāi, see)
  (thum, pl)
Rules:
left neighbor of (number, sg): [ +voice ]⟶[ -long ] / _ +
Time taken: 195.42 s
Correspondences:
  (1. E)
  (2. P)
  (3. O)
  (4. D)
  (5. B)
  (6. I)
  (7. J)
  (8. A)
  (9. M)
  (10. H)
  (11. C)
  (12. K)
  (13. Q)
  (14. F)
  (15. N)
  (16. L)
  (17. G)
Word order: possessor - possessed
Morpheme order (N): possessor - possession-type - root
Vocabulary:
  (abang, shoulder)
  (amin, nose)
  (atáng, hand)
  (awata, neck)
  (awei, ear)
  (bataa, tree)
  (d, one's own)
  (e, alienable)
  (èng, eyes)
  (falepak, pistol)
  (fe, pig)
  (h, 3sg)
  (kafi, rope)
  (kuda, horse)
  (lui, knife)
  (maama, father)
  (napong, face)
  (ri, 2pl)
  (t, 1pl)
  (tama, sea)
  (ya, mother)
Time taken: 84.50 s